2025-07-05 10:40:25,541 - INFO - ✅ Completed job ba3e6d29-3e9b-473b-b68d-a73ef87bd19b
2025-07-05 10:40:26,544 - INFO - ✅ Completed job 1ef44d83-913d-4ef9-9a2b-81b331c5ab24
2025-07-05 11:16:58,180 - INFO - ✅ Completed job b1952a5e-b35b-4929-bc32-2a88f8733ecb
2025-07-05 16:24:27,739 - ERROR - ❌ Failed job ae9df6db-f53b-4831-b53e-7dce97efe0c6: 'b'
2025-07-05 16:24:27,739 - WARNING - 🔁 Retrying job ae9df6db-f53b-4831-b53e-7dce97efe0c6 (attempt 1)
2025-07-05 16:24:27,740 - ERROR - ❌ Failed job ae9df6db-f53b-4831-b53e-7dce97efe0c6: 'b'
2025-07-05 16:24:27,740 - WARNING - 🔁 Retrying job ae9df6db-f53b-4831-b53e-7dce97efe0c6 (attempt 2)
2025-07-05 16:24:27,740 - ERROR - ❌ Failed job ae9df6db-f53b-4831-b53e-7dce97efe0c6: 'b'
2025-07-05 16:24:27,740 - WARNING - 🔁 Retrying job ae9df6db-f53b-4831-b53e-7dce97efe0c6 (attempt 3)
2025-07-05 16:24:27,741 - ERROR - ❌ Failed job ae9df6db-f53b-4831-b53e-7dce97efe0c6: 'b'
2025-07-06 12:12:09,268 - INFO - ✅ Completed job 7f989bc9-b3fc-452a-be67-e52aed0a145f
2025-07-06 12:12:47,649 - INFO - ✅ Completed job 65a56d8c-b8f0-48cf-afce-6e2712718307
2025-07-06 12:25:20,970 - INFO - ✅ Completed job ba0cac32-499a-4a93-a10b-74de010cff52
2025-07-06 12:26:27,095 - INFO - ✅ Completed job c6dee5e8-266d-4529-80c2-ebc1d921072e
2025-07-06 12:28:21,501 - INFO - ✅ Completed job e2ab4184-8fff-4778-942e-cad1503c0067
2025-07-06 12:29:19,463 - ERROR - ❌ Failed job 4a7cd354-d4a2-490f-ac9e-360316414c70: unsupported operand type(s) for +=: 'int' and 'str'
2025-07-06 12:29:19,463 - WARNING - 🔁 Retrying job 4a7cd354-d4a2-490f-ac9e-360316414c70 (attempt 1)
2025-07-06 12:29:19,463 - ERROR - ❌ Failed job 4a7cd354-d4a2-490f-ac9e-360316414c70: unsupported operand type(s) for +=: 'int' and 'str'
2025-07-06 12:29:19,464 - WARNING - 🔁 Retrying job 4a7cd354-d4a2-490f-ac9e-360316414c70 (attempt 2)
2025-07-06 12:29:19,464 - ERROR - ❌ Failed job 4a7cd354-d4a2-490f-ac9e-360316414c70: unsupported operand type(s) for +=: 'int' and 'str'
2025-07-06 12:29:19,464 - WARNING - 🔁 Retrying job 4a7cd354-d4a2-490f-ac9e-360316414c70 (attempt 3)
2025-07-06 12:29:19,465 - ERROR - ❌ Failed job 4a7cd354-d4a2-490f-ac9e-360316414c70: unsupported operand type(s) for +=: 'int' and 'str'
